
Processing tab 1/678: Arizona house fire (mode: top)
Found 9 tweets for query: Arizona house fire
Extracted tweet: Arizona Woman calls police on lazy son threatening to physically harm him if he doesn't clean the ho | 2025-05-12T03:39:46.000Z | https://x.com/WomanDefiner/status/1921772261255639414
Extracted tweet: TUCSON, Arizona

The Tucson FD said there was a house explosion on July 15, 2025, near East Rita Roa | 2025-07-16T15:06:37.000Z | https://x.com/ZT_Followers/status/1945500322656641029
Extracted tweet: Stay hydrated in this AZ heat!

 Make it part of a routine: Drink a glass of water every time you br | 2025-06-01T17:48:07.000Z | https://x.com/centralazfire/status/1929233511187120152
Extracted tweet: It’s National Pet #FireSafety Day! Each year, pets accidentally start around 1,000 house fires in th | 2025-07-15T15:12:52.000Z | https://x.com/centralazfire/status/1945139507243749656
Extracted tweet: Arizona Adopts New Fire Mitigation & Utility Liability Law to Help Prevent Wildfires & Protect Ratep | 2025-05-13T16:49:27.000Z | https://x.com/AZHouseGOP/status/1922333378524938519
Extracted tweet: BREAKING: Historic Grand Canyon Lodge destroyed by wildfire in Arizona, per CBS

A water treatment f | 2025-07-14T14:41:59.000Z | https://x.com/ThePatriotOasis/status/1944769349853528486
Extracted tweet: This is the solar shed office that Tiny Shiny Home built in Arizona. 
So when I say an earthen build | 2025-06-26T21:38:13.000Z | https://x.com/BrucesDesert/status/1938351116867277083
Extracted tweet: PRESS RELEASE: Rep. Peshlakai Statement on Devastating Fire at 'Sacred' Grand Canyon #AZleg | 2025-07-15T20:47:13.000Z | https://x.com/AZHouseDems/status/1945223649059082378
Extracted tweet: Today, crews extinguished a house fire. The resident got out safely with one dog. Firefighters rescu | 2025-06-13T23:47:59.000Z | https://x.com/centralazfire/status/1933672730299412946

Processing tab 2/678: Arizona house fire (mode: live)
Found 11 tweets for query: Arizona house fire
Extracted tweet: TUCSON, Arizona

The Tucson FD said there was a house explosion on July 15, 2025, near East Rita Roa | 2025-07-16T15:06:37.000Z | https://x.com/ZT_Followers/status/1945500322656641029
Extracted tweet: When in Phoenix, the fire stations followed the old highway motto..."stay alive at 55."  Here in Nor | 2025-07-14T03:46:08.000Z | https://x.com/Itranslateit/status/1944604299977200119
Extracted tweet: According to a viewer, the house fire happened between San Jose and South Arizona Avenue at around m | 2025-07-14T00:00:09.000Z | https://x.com/KYMA11/status/1944547429295984647
Extracted tweet: According to a viewer, the house fire happened between San Jose and South Arizona Avenue at around m | 2025-07-14T00:00:07.000Z | https://x.com/DFuhrmanKYMA/status/1944547418214724070
Extracted tweet: Dennis Hastert, a prominent Republican politician, was a convicted sex offender who represented Illi | 2025-07-13T23:49:01.000Z | https://x.com/thunderbrd1/status/1944544628503728239
Extracted tweet: Hassett says White House probing Fed renovation cost, authority to fire Powell - Arizona Daily Sun h | 2025-07-13T23:05:34.000Z | https://x.com/FOMCAlerts/status/1944533691222602042
Extracted tweet: A house fire caused by a lightning strike at the base of Mount Lemmon has left a home uninhabitable. | 2025-07-11T19:21:26.000Z | https://x.com/CJGoldberg/status/1943752510705217735
Extracted tweet: Arizona: The White Sage Fire is now 8,700 acres and evacuation zones have drastically expanded. The  | 2025-07-11T18:11:57.000Z | https://x.com/HotshotWake/status/1943735026899689716
Extracted tweet: The Valley has seen over twice as many house fire fatalities this year than in the first half of 202 | 2025-07-11T16:13:06.000Z | https://x.com/KTAR923/status/1943705116516991340
Extracted tweet: Tom Shannon, Scottsdale Fire Chief, talks about the increase of fatal house fires across the Valley. | 2025-07-10T23:00:01.000Z | https://x.com/AZMorningNews/status/1943445130499002471

Processing tab 3/678: Arizona apartment complex (mode: top)
Found 9 tweets for query: Arizona apartment complex
Extracted tweet: This project reimagines the American ranch house with a gabled core and low flat wings, shaping a li | 2025-05-29T00:00:45.000Z | https://x.com/Architizer/status/1927877737936523383
Extracted tweet: Bali-inspired home offers a peaceful oasis in the Arizona desert https://onekindesign.com/2017/04/25 | 2025-07-19T08:45:10.000Z | https://x.com/OneKindesign/status/1946491492656116034
Extracted tweet: Today we start the renovation of this unit of the Fourplex in the area of south phoenix 

It’s not a | 2025-07-15T20:45:01.000Z | https://x.com/dig_deeper1/status/1945223096384020742
Extracted tweet: Fascinated by this car-free development in Arizona. Mixed-use buildings, walkable community, tiny re | 2024-02-17T09:59:22.000Z | https://x.com/dieworkwear/status/1758793252524974193
Extracted tweet: The funniest thing is that the left hand image is almost certainly an apartment complex in S. Califo | 2025-04-04T02:28:19.000Z | https://x.com/Empty_America/status/1907983540043788369
Extracted tweet: A home for sale in one of the most concentrated Homeless encampments in the Southwest United States. | 2025-06-17T03:36:47.000Z | https://x.com/kevinvdahlgren/status/1934817473943228794
Extracted tweet: copped a new penthouse with all the boys

everyone is making insane money and plays, how could we no | 2024-04-25T06:20:56.000Z | https://x.com/brezscales/status/1783380654606192779
Extracted tweet: Arizona Apartments Charging $7,415 per month on a month to month lease for 1 bed/ 1 bath, 700 square | 2024-09-09T18:41:22.000Z | https://x.com/WallStreetApes/status/1833214130376876105
Extracted tweet: YOUR TAX $ AT WORK ! Arizona Apartments Charging $7,415 per month on a month to month lease for 1 be | 2024-09-10T13:13:58.000Z | https://x.com/VeBo1991/status/1833494122407096388

Processing tab 4/678: Arizona apartment complex (mode: live)
Found 12 tweets for query: Arizona apartment complex
Extracted tweet: Arizona Attorney General Kris Mayes has demanded immediate action after one person died and a second | 2025-07-19T00:00:15.000Z | https://x.com/kgun9/status/1946359393823477787
Extracted tweet: According to the attorney general's office, one pregnant tenant was recently hospitalized due to the | 2025-07-18T22:28:00.000Z | https://x.com/12News/status/1946336178094882948
Extracted tweet: Please file a complaint at http://azag.gov/consumer if this is happening to you at any apartment com | 2025-07-18T18:35:58.000Z | https://x.com/AZAGMayes/status/1946277783862497382
Extracted tweet: JUST IN: The Arizona Attorney General is demanding action after a man died and a woman was hospitali | 2025-07-18T17:24:39.000Z | https://x.com/abc15/status/1946259837299409375
Extracted tweet: A 23-year-old woman was taken to the hospital with serious injuries Monday night after she was shot  | 2025-07-15T13:39:05.000Z | https://x.com/channel2kwgn/status/1945115905802817846
Extracted tweet: It’s absolutely unacceptable for tenants to go without air-conditioning in the middle of the summer. | 2025-07-09T18:00:28.000Z | https://x.com/AZAGMayes/status/1943007359304900688
Extracted tweet: "It’s absolutely unacceptable for tenants to go without air-conditioning in the middle of the summer | 2025-07-09T17:28:17.000Z | https://x.com/arizonaago/status/1942999259604824250
Extracted tweet: I have a great rental history - now if I could just find an attorney in Florida that would help me s | 2025-07-09T01:04:47.000Z | https://x.com/JaxBeachLady222/status/1942751753503465775
Extracted tweet: Here in Arizona I chased a drugged out drifter from my apartment complex who was trying to break int | 2025-07-07T17:37:02.000Z | https://x.com/WildlyNormal/status/1942276686495768727
Extracted tweet: IF We could comb through Arizona, North to South -  Housing prices would bottom OUT! I wanna send 
@ | 2025-07-07T03:23:32.000Z | https://x.com/420Jenny78/status/1942061894728319120

Processing tab 5/678: Arizona store fire (mode: top)
Found 8 tweets for query: Arizona store fire
Extracted tweet: Lapaz Market blaze destroys textile shop, owner rushed to hospital

Details here: https://tinyurl.co | 2025-04-28T11:01:36.000Z | https://x.com/Joy997FM/status/1916810020127215792
Extracted tweet: Firefighters race to a #BuenaPark Target store as flames rage in the children's clothing section. Th | 2023-09-06T05:07:52.000Z | https://x.com/ABC7/status/1699288283845734745
Extracted tweet: I-10 EB at Fairway Drive: The freeway is closed due to a vehicle fire. There's no estimated time to  | 2025-07-18T01:28:26.000Z | https://x.com/ArizonaDOT/status/1946019195042615462
Extracted tweet: COMMERCIAL FIRE

Tucson Fire was dispatched to a commercial fire at 1:21 this afternoon at HighWire, | 2025-07-19T22:06:40.000Z | https://x.com/TucsonFireDept/status/1946693195204870310
Extracted tweet: US 89A remains closed (both directions) from Fredonia to Bitter Springs due to the #whitesagefire. F | 2025-07-12T00:05:18.000Z | https://x.com/ArizonaDOT/status/1943823949890302102
Extracted tweet: BREAKING: Historic Grand Canyon Lodge destroyed by wildfire in Arizona, per CBS

A water treatment f | 2025-07-14T14:41:59.000Z | https://x.com/ThePatriotOasis/status/1944769349853528486
Extracted tweet: SR 87 NB near Payson (MP 249): The highway is blocked due to a brush fire. Use the following for tra | 2025-07-18T19:10:25.000Z | https://x.com/ArizonaDOT/status/1946286453048418348
Extracted tweet: Breaking: Fire engulfs shops at Lapaz. Cause of the fire is yet to be known. | 2025-04-27T14:38:19.000Z | https://x.com/SIKAOFFICIAL1/status/1916502173870915892

Processing tab 6/678: Arizona store fire (mode: live)
Found 8 tweets for query: Arizona store fire
Extracted tweet: I-10 EB at Fairway Drive: The freeway is closed due to a vehicle fire. There's no estimated time to  | 2025-07-18T01:28:26.000Z | https://x.com/ArizonaDOT/status/1946019195042615462
Extracted tweet: 4-leg ANALYSIS SPOTLIGHT ready to EXPLODE! 

 MLB FIRE PARLAY - 4-LEG PARLAY (+3923)

 Freddy Peralt | 2025-07-14T00:01:32.000Z | https://x.com/SportsEpic78612/status/1944547774646640720
Extracted tweet: 4-leg ANALYSIS SPOTLIGHT ready to EXPLODE! 

 MLB FIRE STARTER - 4-LEG PARLAY (+2599)

 Corbin Carro | 2025-07-13T22:02:19.000Z | https://x.com/AiSports89973/status/1944517773188608288
Extracted tweet: 4-leg ANALYSIS SPOTLIGHT ready to EXPLODE! 

 MLB FIRE PARLAY - 4-LEG PARLAY (+1648)

 Lourdes Gurri | 2025-07-13T21:01:56.000Z | https://x.com/SportsEpic78612/status/1944502578185646366
Extracted tweet: US 89A remains closed (both directions) from Fredonia to Bitter Springs due to the #whitesagefire. F | 2025-07-12T00:05:18.000Z | https://x.com/ArizonaDOT/status/1943823949890302102
Extracted tweet: US 89A near Jacob Lake (MP 595): Both directions of the highway are closed due to a brush fire. Ther | 2025-07-11T00:16:29.000Z | https://x.com/ArizonaDOT/status/1943464373940556181
Extracted tweet: *CLOSURE*

SR 85 northbound is closed at Southern Ave due to a vehicle fire at milepost 153.

Expect | 2025-07-03T01:18:38.000Z | https://x.com/ArizonaDOT/status/1940580912376488236
Extracted tweet: 4-leg ANALYSIS SPOTLIGHT ready to EXPLODE! 

 MLB FIRE PARLAY - 4-LEG PARLAY (+4160)

 Byron Buxton  | 2025-06-28T18:01:08.000Z | https://x.com/deepbet_ai_app/status/1939021260052210043

Processing tab 7/678: Arizona commercial fire (mode: top)
Found 8 tweets for query: Arizona commercial fire
Extracted tweet: The Palisades Village Starbucks is unrecognizable after being ravaged by fire.

'The Business Block' | 2025-01-08T21:47:27.000Z | https://x.com/CollinRugg/status/1877109890940023156
Extracted tweet: Crews are on-scene of a commercial fire that has spread to nearby vegetation in the 21200 block of M | 2025-07-16T16:38:43.000Z | https://x.com/CentralPierce/status/1945523501626282265
Extracted tweet: #UPDATE: Video from above shows large flames shooting hundreds of feet into the air. Preliminary rep | 2024-09-16T20:00:19.000Z | https://x.com/rawsalerts/status/1835770713531453529
Extracted tweet: Lapaz Market blaze destroys textile shop, owner rushed to hospital

Details here: https://tinyurl.co | 2025-04-28T11:01:36.000Z | https://x.com/Joy997FM/status/1916810020127215792
Extracted tweet: Backfilling vs. Digging
In the world of commercial construction, efficiency is key! As shown in our  | 2024-10-09T22:56:46.000Z | https://x.com/ConceptCommCon/status/1844150037246509370
Extracted tweet: COMMERCIAL FIRE

Tucson Fire was dispatched to a commercial fire at 1:21 this afternoon at HighWire, | 2025-07-19T22:06:40.000Z | https://x.com/TucsonFireDept/status/1946693195204870310
Extracted tweet: Scary images of the Wildcat Fire in Scottsdale, AZ. 

The fire has burned roughly 14,000 acres. Wind | 2024-05-21T00:30:00.000Z | https://x.com/WeatherNation/status/1792714423519617205
Extracted tweet:  Satellite STILL — Smoke billows over the Grand Canyon as Arizona’s Dragon Bravo wildfire rages on.
 | 2025-07-16T09:37:37.000Z | https://x.com/SGNews123/status/1945417528097886553

Processing tab 8/678: Arizona commercial fire (mode: live)
Found 10 tweets for query: Arizona commercial fire
Extracted tweet: What’s the over/under for if ESPN plays the insurance commercial with the garage catching on fire ri | 2025-01-11T00:03:15.000Z | https://x.com/KennethJ2/status/1877868839393747178
Extracted tweet: There are hundreds of airworthy, former airliners, parked in Arizona less than an hour flight away.  | 2025-01-09T05:38:53.000Z | https://x.com/4evrshepherds/status/1877228532000252295
Extracted tweet: There are 4400 military aircraft mothballed in Tucson and hundreds of commercial jets mothballed on  | 2025-01-08T22:29:05.000Z | https://x.com/joe_mandour2/status/1877120369426919675
Extracted tweet:  #FIRE Orange Flames Erupting From Abandoned House Fire

 #Tucson | #Arizona 

Early this morning, f | 2024-10-11T18:38:31.000Z | https://x.com/CitizenApp/status/1844809823696666805
Extracted tweet: Backfilling vs. Digging
In the world of commercial construction, efficiency is key! As shown in our  | 2024-10-09T22:56:46.000Z | https://x.com/ConceptCommCon/status/1844150037246509370
Extracted tweet: Today's stand-out talk at the 51st annual Arizona Fire School was on hazards to #firefighters & #fir | 2024-09-05T01:08:13.000Z | https://x.com/luminousegress/status/1831499541868376426
Extracted tweet: 25 of the biggest recent commercial real estate deals in Arizona - AZ Big Media "BIGGEST RECENT REAL | 2024-09-04T09:21:20.000Z | https://x.com/JohnRacineJr/status/1831261252875612413
Extracted tweet: Firefighters on scene of partial roof collapse at large commercial building in Phoenix, Arizona, fir | 2024-07-25T05:36:08.000Z | https://x.com/AZ_Intel_/status/1816346674869977322
Extracted tweet: Report of a wildfire called in by a commercial airline near Black Canyon Lake Meade.  Response level | 2024-06-16T01:31:15.000Z | https://x.com/Critical911YT/status/1802151924189511712
Extracted tweet: Students in the IIG Program at Franklin Police and Fire HS learned about Commercial Banking with Tar | 2024-02-21T19:00:22.000Z | https://x.com/AzCouncilEconEd/status/1760378949660488120

Processing tab 9/678: Arizona restaurant fire (mode: top)
Found 8 tweets for query: Arizona restaurant fire
Extracted tweet: Photos: The Grand Canyon Burns - The Dragon Bravo wildfire in Arizona grew rapidly over the past wee | 2025-07-15T16:17:42.000Z | https://x.com/TheAtlPhoto/status/1945155826487861744
Extracted tweet: #UPDATE: The blaze erupted in a vacant restaurant at the end of the pier. The business was formerly  | 2024-04-25T23:02:33.000Z | https://x.com/rawsalerts/status/1783632719810900370
Extracted tweet:  ANOTHER BUSINESS RAID:

Arizona restaurant chain under investigation for smuggling and employing il | 2025-07-16T13:36:44.000Z | https://x.com/_johnnymaga/status/1945477704872001780
Extracted tweet: BREAKING: Historic Grand Canyon Lodge destroyed by wildfire in Arizona, per CBS

A water treatment f | 2025-07-14T14:41:59.000Z | https://x.com/ThePatriotOasis/status/1944769349853528486
Extracted tweet:  Multiple shooters opened fire at a restaurant in Glendale, Arizona. Three people were dead, and man | 2025-05-06T09:34:40.000Z | https://x.com/LynneBP_294/status/1919687248468983816
Extracted tweet: BREAKING: At least three people have died and five more were wounded after multiple shooters opened  | 2025-05-06T13:50:40.000Z | https://x.com/ttkbeensteppin/status/1919751673456578982
Extracted tweet: A rapidly moving wildfire, the 'Dragon Bravo Fire', has engulfed the historic Grand Canyon Lodge in  | 2025-07-14T13:52:33.000Z | https://x.com/AJEnglish/status/1944756910676234528
Extracted tweet: UPDATE:  Mass sh—ting in Arizona at a restaurant near 59th and Glendale avenues Sunday. 

It is beli | 2025-05-05T04:51:02.000Z | https://x.com/ExxAlerts/status/1919253481279439029

Processing tab 10/678: Arizona restaurant fire (mode: live)
Found 12 tweets for query: Arizona restaurant fire
Extracted tweet: Why shouldn't a store or restaurant owner be justified in opening fire on a gang about to loot or de | 2025-06-10T14:52:03.000Z | https://x.com/Kathy_Arizona/status/1932450695602696344
Extracted tweet: I live in Tucson, Arizona. The restaurant burned down on New Year's Eve of 2011 or 2012. Many of the | 2025-05-31T22:10:12.000Z | https://x.com/richardsiken/status/1928937078395457928
Extracted tweet: BREAKING: At least three people have died and five more were wounded after multiple shooters opened  | 2025-05-06T13:50:40.000Z | https://x.com/ttkbeensteppin/status/1919751673456578982
Extracted tweet: Arizona restaurant shooting leaves at least 3 people dead, multiple injuredTRUMPS SUCKS OPEN FIRE  | 2025-05-06T10:12:43.000Z | https://x.com/acerra_joe/status/1919696821435179148
Extracted tweet:  Multiple shooters opened fire at a restaurant in Glendale, Arizona. Three people were dead, and man | 2025-05-06T09:34:40.000Z | https://x.com/LynneBP_294/status/1919687248468983816
Extracted tweet: 'At least three people have died and five more were wounded on Sunday after multiple shooters opened | 2025-05-05T18:54:00.000Z | https://x.com/civex/status/1919465619679748534
Extracted tweet: At least 3 dead and 5 wounded after shooting at a restaurant in Glendale, Arizona, police say At lea | 2025-05-05T15:59:45.000Z | https://x.com/1032shotsfired/status/1919421770412577012
Extracted tweet: Three people were killed and five others injured after multiple gunmen opened fire at a restaurant i | 2025-05-05T14:08:12.000Z | https://x.com/TheWhistlerNG/status/1919393698409828411
Extracted tweet:  Deadly Arizona restaurant shooting leaves 3 dead, 5 injured. Chaos erupted at El Camarón Gigante in | 2025-05-05T13:50:14.000Z | https://x.com/RoosterGM/status/1919389173489778722
Extracted tweet: 4/
Update: At least three were shot dead, five injured in a shooting at El Camaron Gigante restauran | 2025-05-05T12:21:37.000Z | https://x.com/geotechwar/status/1919366873596219494

Processing tab 11/678: Arizona warehouse fire (mode: top)
Found 9 tweets for query: Arizona warehouse fire
Extracted tweet: UPDATE:
This was a two alarm fire. About 36 firefighters on scene. Original call said people trapped | 2025-07-21T09:50:24.000Z | https://x.com/barstow_scott/status/1947232685782343845
Extracted tweet: Someone’s warehouse this early morning! This fire has been burning like this for almost 2 hours. Fir | 2024-05-11T05:40:13.000Z | https://x.com/MrMekzy_/status/1789168614236385343
Extracted tweet: #WestTown - Here’s what’s left of Commercial Pallet after a 4 Alarm fire yesterday evening. 20,000 p | 2024-06-19T11:44:25.000Z | https://x.com/JHudsontraffic/status/1803393396456784102
Extracted tweet: #UPDATE: Officials say Welding repairs started the fire that lead to temporary evacuations this afte | 2023-02-15T21:31:12.000Z | https://x.com/rawsalerts/status/1625971008149618688
Extracted tweet: Over 1,000 employees were in the giant warehouse at the start of the fire. | 2024-01-13T06:55:38.000Z | https://x.com/igorsushko/status/1746063436419915999
Extracted tweet: #UPDATE: The fire at the building complex has been extinguished, and it is now under control. Accord | 2023-07-28T21:23:04.000Z | https://x.com/rawsalerts/status/1685038185443651584
Extracted tweet: #UPDATE: Fire officials are reporting that no one is trapped inside the building or the elevators an | 2023-03-06T21:48:16.000Z | https://x.com/rawsalerts/status/1632860674140303360
Extracted tweet: Parcel delivery company Evri confirmed the fire had broken out at their warehouse but said all of th | 2024-04-16T17:55:00.000Z | https://x.com/SkyNews/status/1780293830991864179
Extracted tweet: #UPDATE: Firefighters officials has upgraded the Hazardous Warehouse Chemical blaze to a five-alarm  | 2023-09-05T04:34:09.000Z | https://x.com/rawsalerts/status/1698917410860904658

Processing tab 12/678: Arizona warehouse fire (mode: live)
Found 12 tweets for query: Arizona warehouse fire
Extracted tweet: The Phoenix Fire Department is responding to an incident that has generated large plumes of smoke th | 2024-09-02T21:52:14.000Z | https://x.com/12News/status/1830725447216214472
Extracted tweet: In the recent Mercedes EV fire in Korea - the sprinklers never actually activated apparently.

Yet i | 2024-08-23T21:02:30.000Z | https://x.com/olddiesel/status/1827089052748935529
Extracted tweet: Crazy fireworks going off for the last half an hour or so in Tempe, Arizona at 12am ... Like a firew | 2024-03-30T07:16:08.000Z | https://x.com/WallaceSTaylor/status/1773972461006315572
Extracted tweet: 70+ firefighters battle third-alarm fire at Phoenix warehouse - Arizona's Family http://dlvr.it/Sxcb | 2023-10-18T14:36:05.000Z | https://x.com/PhoenixArizna/status/1714651567935426787
Extracted tweet: Tonight's Crystal Warehouse Livestream features Black Market Minerals in Tucson, Arizona! Join us! 
 | 2023-10-17T04:01:52.000Z | https://x.com/GemshowsLive/status/1714129575587049779
Extracted tweet: From book deals and personal appearances She gets paid for You know the books that China buys puts t | 2023-07-10T11:29:50.000Z | https://x.com/Roe50/status/1678365909902057472
Extracted tweet: Reminds me of that recent news story ;)
.
Armed Amazon worker stopped a shooter who opened fire outs | 2023-06-28T06:34:44.000Z | https://x.com/3SpeedHolster/status/1673942993768939521
Extracted tweet: we are having a huge problem they advise to not park ev cars scooters in the garages, 2 houses and a | 2023-05-28T00:20:13.000Z | https://x.com/DianaShoshone/status/1662614719482728448
Extracted tweet: The warehouse, located near 3rd Street and Buckeye Road, is where a lot of electric vehicles come to | 2023-05-24T08:30:30.000Z | https://x.com/FOX10Phoenix/status/1661288550929772545
Extracted tweet: The warehouse, located near 3rd Street and Buckeye Road, is where a lot of electric vehicles come to | 2023-05-24T00:01:27.000Z | https://x.com/FOX10Phoenix/status/1661160445204365312

Processing tab 13/678: Arizona business fire (mode: top)
Found 9 tweets for query: Arizona business fire
Extracted tweet: Photos: The Grand Canyon Burns - The Dragon Bravo wildfire in Arizona grew rapidly over the past wee | 2025-07-15T16:17:42.000Z | https://x.com/TheAtlPhoto/status/1945155826487861744
Extracted tweet: #UPDATE: The blaze erupted in a vacant restaurant at the end of the pier. The business was formerly  | 2024-04-25T23:02:33.000Z | https://x.com/rawsalerts/status/1783632719810900370
Extracted tweet: Lapaz Market blaze destroys textile shop, owner rushed to hospital

Details here: https://tinyurl.co | 2025-04-28T11:01:36.000Z | https://x.com/Joy997FM/status/1916810020127215792
Extracted tweet: The #Wildfires burning on and near the #GrandCanyon’s North Rim expanded after burning down the hist | 2025-07-15T09:44:32.000Z | https://x.com/Forbes_MENA_/status/1945056879861711141
Extracted tweet: #UPDATE: The fire at the building complex has been extinguished, and it is now under control. Accord | 2023-07-28T21:23:04.000Z | https://x.com/rawsalerts/status/1685038185443651584
Extracted tweet: COMMERCIAL FIRE

Tucson Fire was dispatched to a commercial fire at 1:21 this afternoon at HighWire, | 2025-07-19T22:06:40.000Z | https://x.com/TucsonFireDept/status/1946693195204870310
Extracted tweet: Business owners in Arizona caught by Feds hiring illegal aliens not using e-verify paying lower wage | 2025-07-17T22:01:42.000Z | https://x.com/J_say_hello/status/1945967171001078001
Extracted tweet: BREAKING: Historic Grand Canyon Lodge destroyed by wildfire in Arizona, per CBS

A water treatment f | 2025-07-14T14:41:59.000Z | https://x.com/ThePatriotOasis/status/1944769349853528486
Extracted tweet: Scary images of the Wildcat Fire in Scottsdale, AZ. 

The fire has burned roughly 14,000 acres. Wind | 2024-05-21T00:30:00.000Z | https://x.com/WeatherNation/status/1792714423519617205

Processing tab 14/678: Arizona business fire (mode: live)
Found 7 tweets for query: Arizona business fire
Extracted tweet: Arizona seeks probe of feds' response to Grand Canyon fire http://reut.rs/3GMNUZv | 2025-07-15T06:35:10.000Z | https://x.com/Reuters/status/1945009224792014852
Extracted tweet: Arizona seeks probe of feds' response to Grand Canyon fire - | 2025-07-15T03:20:21.000Z | https://x.com/dave1agar/status/1944960196033347873
Extracted tweet: Arizona seeks probe of feds' response to Grand Canyon fire http://reut.rs/4kHh4Y7 | 2025-07-15T02:30:19.000Z | https://x.com/Reuters/status/1944947605986742322
Extracted tweet: TRUMP IS LITERALLY BURNING THE COUNTRY AND IT'S BEAUTY TO THE GROUND! #TrumpIsAGlobalLaughingStock 
 | 2025-07-15T00:38:52.000Z | https://x.com/byrd_sue2281/status/1944919561176076350
Extracted tweet: Pavion is proud to attend the 72nd Annual Arizona Association School Business Officers (AASBO) Confe | 2025-07-14T18:00:05.000Z | https://x.com/PavionCorp/status/1944819203569053844
Extracted tweet: Dear 
@SteveMontenegro
 and 
@votewarren
: Stay out of the womb and healthcare decisions of Arizona  | 2025-07-09T14:50:34.000Z | https://x.com/fire_starter457/status/1942959569229250975
Extracted tweet: @Potu
 Employers should be fined for hiring illegals, not coddled

This is just big business widenin | 2025-07-04T07:02:33.000Z | https://x.com/ET_Arizona/status/1941029848065183848

Processing tab 15/678: Arizona pipe burst (mode: top)
Found 9 tweets for query: Arizona pipe burst
Extracted tweet: An SUV drove through a fence and struck a valve for a natural gas pipeline Monday morning, creating  | 2024-09-17T15:34:26.000Z | https://x.com/accuweather/status/1836066190684234004
Extracted tweet: Well that was interesting. 

Pipe exploded during a search of the vehicle. | 2024-06-05T18:51:09.000Z | https://x.com/FunkerActual/status/1798427355125629341
Extracted tweet: #BREAKING: New video from the AZ National Guard as they help airlift more than 100 people out of the | 2024-08-25T02:23:11.000Z | https://x.com/LillianDonahue/status/1827532144903876791
Extracted tweet: It's over for Arizona bros. They're starting to shut off water to the suburbs. A new development, on | 2023-01-16T20:11:27.000Z | https://x.com/CatoJunger/status/1615079304035008535
Extracted tweet: WATCH: Take a look at these 3 videos of Havasupai, taken less than an hour apart, in northern Arizon | 2024-08-25T23:23:19.000Z | https://x.com/trentonhooker/status/1827849265156379111
Extracted tweet: Natural gas liquids pipeline in Deer Park ruptured before 10am & may burn till tomorrow. Intense hea | 2024-09-16T20:33:48.000Z | https://x.com/ShernMinKHOU/status/1835779138189426899
Extracted tweet: When a hidden pipe burst behind the wall, Mark was overwhelmed — but our crew moved fast. From teard | 2025-05-27T21:51:30.000Z | https://x.com/DryStarResto/status/1927482822106694111
Extracted tweet: #UPDATE: Crews have successfully turned off the gas and lifted the evacuation orders, but they are n | 2023-10-12T18:57:41.000Z | https://x.com/rawsalerts/status/1712543077364281818
Extracted tweet: Flash flooding in Arizona, USA, has cut off all access to Supai and Havasupai Falls, leaving one wom | 2024-08-25T10:09:48.000Z | https://x.com/volcaholic1/status/1827649569926037737

Processing tab 16/678: Arizona pipe burst (mode: live)
Found 0 tweets for query: Arizona pipe burst

Processing tab 17/678: Colorado house fire (mode: top)
Found 8 tweets for query: Colorado house fire
Extracted tweet: POWER HOUSE

OKC Spark took the lead early in the TC Colorado Pro Cup championship game and never lo | 2025-07-04T03:42:38.000Z | https://x.com/COSparkFire/status/1940979538458038755
Extracted tweet: #TodayInHistory

On this day in 2012, a gunman opened fire and killed 12 people during a screening o | 2025-07-20T00:00:14.000Z | https://x.com/inquirerdotnet/status/1946721775900848158
Extracted tweet: Several firefighters retrieved a dog from the second floor of a house that went on fire in Highlands | 2025-06-04T09:00:01.000Z | https://x.com/48hours/status/1930187773702463879
Extracted tweet: Colorado Day 3 
Not the best for me today 
0-1 and a walk 
4 runs allowed 
but the defense and bats  | 2025-07-05T02:53:36.000Z | https://x.com/matyihouse2028/status/1941329588803842251
Extracted tweet: House fire in Eagle Rock just north of Colorado. More than 25 ⁦
@LAFD
⁩ vehicles. Blaze now appears  | 2025-06-30T00:30:33.000Z | https://x.com/JonRegardie/status/1939481648091062335
Extracted tweet: Instead of traditional plastic tarp house wrap, we are using a new exterior barrier preventing air a | 2025-07-15T16:14:33.000Z | https://x.com/SattlerHomes/status/1945155033802445278
Extracted tweet: The man who tried to burn Josh Shapiro‘s house down with his family in it shouted “free Palestine”.  | 2025-06-15T23:32:21.000Z | https://x.com/HowardA_AtLaw/status/1934393573761302730
Extracted tweet: On Thursday at 8:18 p.m., the Colorado Springs Fire Department responded to a house fire. | 2025-06-27T02:37:02.000Z | https://x.com/KKTV11News/status/1938426316564418770

Processing tab 18/678: Colorado house fire (mode: live)
Found 11 tweets for query: Colorado house fire
Extracted tweet:  Fire tornado destroys a house in the US state of Utah

The wildfire there has been raging for three | 2025-07-14T01:47:16.000Z | https://x.com/uncensorednews9/status/1944574383080833141
Extracted tweet: I guess a wooden fence is also a fire hazard? How bout a house made of wood? Oh dear | 2025-07-13T23:58:11.000Z | https://x.com/Colorado_N8tive/status/1944546933521129589
Extracted tweet: Police investigating "suspicious death" of woman whose body was found in Lakewood house fire. | 2025-07-13T14:00:00.000Z | https://x.com/48hours/status/1944396395516977232
Extracted tweet: Police investigating "suspicious death" of woman whose body was found in Lakewood house fire | 2025-07-12T19:46:03.000Z | https://x.com/CBSNewsColorado/status/1944121094140506116
Extracted tweet: A Colorado attorney accused of setting his own house on fire last week appeared in court Tuesday aft | 2025-07-08T21:30:01.000Z | https://x.com/DenverChannel/status/1942697705966346375
Extracted tweet: Colorado Springs firefighters extinguished a house fire early Saturday on Harrison Road, caused by i | 2025-07-08T10:22:07.000Z | https://x.com/buildlikenew/status/1942529623784350194
Extracted tweet: "All of their little artwork and stuff that they had done - it's all gone. It was a small house, but | 2025-07-08T04:30:06.000Z | https://x.com/KRDO_13/status/1942441034580902279
Extracted tweet: A fire that heavily damaged a home on the south side of Colorado Springs in the early morning hours  | 2025-07-08T02:00:12.000Z | https://x.com/FOX21News/status/1942403311149179156
Extracted tweet: Illegal fireworks caused a house fire that displaced a family early Saturday, according to a news re | 2025-07-07T23:57:06.000Z | https://x.com/csgazette/status/1942372333844402275
Extracted tweet: The Colorado Springs Fire Department said a house fire early Saturday morning was caused by illegal  | 2025-07-07T21:25:03.000Z | https://x.com/KKTV11News/status/1942334067568964020

Processing tab 19/678: Colorado apartment complex (mode: top)
Found 9 tweets for query: Colorado apartment complex
Extracted tweet: Several suspected Venezuelan Tren de Aragua gang members gathered at an apartment complex last week, | 2025-06-17T21:10:12.000Z | https://x.com/FoxNews/status/1935082575908802822
Extracted tweet: JUST IN: The Colorado sanctuary city of Denver is asking its residents to house ILLEGALS as shelters | 2024-03-13T20:11:18.000Z | https://x.com/WallStreetMav/status/1768006946030846170
Extracted tweet: BREAKING: Hundreds of people, including families are currently being kicked out of their apartment c | 2024-08-14T00:06:46.000Z | https://x.com/BehizyTweets/status/1823511544241775049
Extracted tweet: One River North
Denver, CO

A 16 story, 187-unit apartment building with a 10 story canyon in the mi | 2023-11-24T15:01:10.000Z | https://x.com/Tesho13/status/1728066232761348473
Extracted tweet: Rent renewal in Denver ... 2 bedroom, 2 bathrooms ... $4,008 per month ...

Is that typical these da | 2023-10-29T17:37:15.000Z | https://x.com/WallStreetMav/status/1718683429368193364
Extracted tweet: BREAKING: Police in Aurora, Colorado, report detaining 14 individuals after an armed home invasion a | 2024-12-17T15:46:58.000Z | https://x.com/ImMeme0/status/1869046639106941010
Extracted tweet: Landlord forced to sell Colorado apartment complex after it was taken over by Venezuelan migrant gan | 2024-09-08T14:51:07.000Z | https://x.com/nypost/status/1832793798419624079
Extracted tweet: Kolo Apartments.

41 apartment homes replaced a contaminated 1-story retail building.

11k/sf lot. 2 | 2022-12-28T19:58:27.000Z | https://x.com/seandsweeney/status/1608190661517348864
Extracted tweet: Cedar Run Apts - 800 Block S Oneida 

This complex is also reportedly under TdA controls. Drug parap | 2024-08-30T16:15:02.000Z | https://x.com/dobetterdnvr/status/1829553426273014081

Processing tab 20/678: Colorado apartment complex (mode: live)
Found 12 tweets for query: Colorado apartment complex
Extracted tweet: You are such a liberal media hack. Can you be any more pathetic? 
 
‘New York Times’ Finally Admits  | 2025-07-13T21:38:37.000Z | https://x.com/KaraBen51443/status/1944511811245502872
Extracted tweet: Democrats Denied This City Had a Gang Problem. The ... - The New York Times
Jul 3, 2025The Edge at L | 2025-07-13T15:38:56.000Z | https://x.com/cjshaker/status/1944421295002673276
Extracted tweet: The truth can only be hidden for so long. It always comes out. | 2025-07-13T12:46:30.000Z | https://x.com/SpudisRobert/status/1944377899986858060
Extracted tweet: ‘New York Times’ Finally Admits Trump Was Right About Migrant Gang Taking Over Colorado Apartment Co | 2025-07-13T12:44:37.000Z | https://x.com/reese_cypress/status/1944377425376227440
Extracted tweet: &#8216;New York Times&#8217; Finally Admits Trump Was Right About Migrant Gang Taking Over Colorado  | 2025-07-13T11:06:14.000Z | https://x.com/IScareTrolls/status/1944352664382480803
Extracted tweet: ‘New York Times’ Finally Admits Trump Was Right About Migrant Gang Taking Over Colorado Apartment Co | 2025-07-13T03:37:01.000Z | https://x.com/Davis58L/status/1944239614601916599
Extracted tweet: ‘New York Times’ Finally Admits Trump Was Right About Migrant Gang Taking Over Colorado Apartment Co | 2025-07-13T03:30:35.000Z | https://x.com/Kryptonite46/status/1944237999774224417
Extracted tweet: Fake news continues to get outed. ‘New York Times‘ Finally Admits Trump was Right About Migrant Gang | 2025-07-13T03:11:47.000Z | https://x.com/BillPierceCIO/status/1944233265499361728
Extracted tweet: 'New York Times' Finally Admits Trump was Right About Migrant Gang Taking Over Colorado Apartment Co | 2025-07-13T01:56:30.000Z | https://x.com/OrwellsRevenge/status/1944214320855851472
Extracted tweet: THIS WAS ON THE NEWS. ALSO IN COLORADO THE APARTMENT COMPLEX WHERE THEY CARRY GUNS IN PUBLIC. HOW SA | 2025-07-13T01:26:32.000Z | https://x.com/joyceweaver70/status/1944206778478342186

Processing tab 21/678: Colorado store fire (mode: top)
Found 8 tweets for query: Colorado store fire
Extracted tweet: Store Owner tried to resist the inevitable.

This is so sad. | 2025-06-08T07:11:03.000Z | https://x.com/BGatesIsaPyscho/status/1931609905145729283
Extracted tweet:  “The 8 Men wiped out the Store which has been going for 24 years in a matter of minutes”

Jewellery | 2024-09-04T18:11:29.000Z | https://x.com/BGatesIsaPyscho/status/1831394669000814791
Extracted tweet: The Alexander Mountain Fire in northern Colorado grew to 992 acres overnight and is 0% contained. ⁣ | 2024-07-30T17:15:17.000Z | https://x.com/accuweather/status/1818334561610482100
Extracted tweet: 4-leg ANALYSIS SPOTLIGHT ready to EXPLODE! 

 MLB FIRE STARTER - 4-LEG PARLAY (+2993)

 Willy Adames | 2025-07-21T13:33:03.000Z | https://x.com/times_sport62/status/1947288716680065335
Extracted tweet: Eaton Fire relief! KID TO KID on Colorado/Los Robles in Pasadena is donating some of its items to Na | 2025-01-09T17:06:30.000Z | https://x.com/SummerSalts/status/1877401574303215840
Extracted tweet: hey Gary! licensed fire alarm installer opening my own sports cards and pokemon store here in Colora | 2025-04-05T02:22:09.000Z | https://x.com/TBS907/status/1908344377983775035
Extracted tweet:  Aurora-Colorado 

Illegal Venezuela Migrants Gangs in Colorado have now taken over a Target

“Migra | 2024-09-01T02:39:55.000Z | https://x.com/JDunlap1974/status/1830073069999702025
Extracted tweet: 4-leg ANALYSIS SPOTLIGHT ready to EXPLODE! 

 MLB FIRE PARLAY - 4-LEG PARLAY (+1039)

 Grant Holmes  | 2025-07-20T23:32:23.000Z | https://x.com/AiSports89973/status/1947077156187648468

Processing tab 22/678: Colorado store fire (mode: live)
Found 12 tweets for query: Colorado store fire
Extracted tweet: Store owners generally have the freedom to make those decisions, albeit at their own peril.

Remembe | 2025-06-12T00:11:23.000Z | https://x.com/davegassert/status/1932953844616745147
Extracted tweet: Colorado Terrorist AttackSeveral injured after a man set them on fire for marching in support of Isr | 2025-06-04T13:04:50.000Z | https://x.com/Mar55TAN523/status/1930249385788805485
Extracted tweet: Everyone  in midtown Pasadena is hoping 
@AldiUSA
  takes over the Rite Aid location on Colorado Blv | 2025-06-04T04:34:19.000Z | https://x.com/louisminguey/status/1930120911707090995
Extracted tweet: The fire bombing of marchers in Boulder isn’t the first Muslim attack in Colorado.  Remember 2021 wh | 2025-06-03T15:41:16.000Z | https://x.com/patgwenn/status/1929926364238393729
Extracted tweet: Fire b*mbing people is deadly force.
These people could have taken him out if they were armed.
Legal | 2025-06-02T11:04:36.000Z | https://x.com/JBG43/status/1929494354034389003
Extracted tweet: Remember what else happened in Boulder? The shooter responsible for the tragic attack at King Sooper | 2025-06-02T05:13:24.000Z | https://x.com/Odavvero/status/1929405971236823440
Extracted tweet: ThePersistence
@ScottPresler
Colorado Terrorist Attack

 Several injured after a man set them on fir | 2025-06-02T01:30:46.000Z | https://x.com/Wyntre999/status/1929349942239535108
Extracted tweet: Colorado Terrorist Attack

Several injured after a man set them on fire for marching in support of I | 2025-06-02T00:21:13.000Z | https://x.com/ScottPresler/status/1929332439995777216
Extracted tweet: our friends Richy Mitch & The Coal Miners gave us an exclusive cobalt blue colorway of their latest  | 2025-06-01T14:02:05.000Z | https://x.com/MagnoliaRecord/status/1929176630263464215
Extracted tweet: Lanes of a busy highway were shut down north of Breckenridge on Saturday for a fire. | 2025-05-12T02:42:03.000Z | https://x.com/KKTV11News/status/1921757734568948222

Processing tab 23/678: Colorado commercial fire (mode: top)
Found 0 tweets for query: Colorado commercial fire

Processing tab 24/678: Colorado commercial fire (mode: live)
