
Processing tab 1/27: California house fire (mode: live)
Found 6 tweets for query: California house fire
Extracted tweet: That’s true!  And those fires were right in the deepest blue area of Southern California.  

I guess | 2025-07-23T02:50:28.000Z | https://x.com/Clutch_4life/status/1947851781490544823
Extracted tweet: Guess what? A journalist from California who lost her house to the fire was the one who investigated | 2025-07-23T02:15:07.000Z | https://x.com/tinimay1111/status/1947842886604558444
Extracted tweet: It's time for blue states to redistrict if the GOP is doing it too.   Time to fight fire with fire.  | 2025-07-22T21:48:08.000Z | https://x.com/MakeTexasBlue22/status/1947775695255462152
Extracted tweet: Where is all the money earned for the fire victims?
Why are you allowing squatters to claim people's | 2025-07-22T21:44:22.000Z | https://x.com/xmswhispersx3/status/1947774746705510787
Extracted tweet: So NONE of the money raise for the victims of the California fire ever went to someone who lost thei | 2025-07-22T16:15:54.000Z | https://x.com/graye_j91382/status/1947692086448529699
Extracted tweet: Is really disturbing how California became a 3rd world country”country” people worked hard to get a  | 2025-07-22T06:26:49.000Z | https://x.com/ArielSlzr10735/status/1947543837137899680

Processing tab 2/27: California apartment complex (mode: live)
Found 7 tweets for query: California apartment complex
Extracted tweet: Norman Fucking Rockwell!

1 Fuck it I Love You
2 The Greatest
3 Cinnamon Girl
4 Venice Bitch
5 Marin | 2025-07-21T23:59:12.000Z | https://x.com/myfolklakes/status/1947446290742181896
Extracted tweet: A bag of grenades was found at the apartment complex | 2025-07-21T21:16:39.000Z | https://x.com/KaseyL56440/status/1947405383439360121
Extracted tweet: ... unless you live in a California apartment complex. | 2025-07-21T01:19:43.000Z | https://x.com/IndianaJoe777/status/1947104167572422871
Extracted tweet: First week in California in my then-girlfriend’s apartment complex, surrounded by gardens, I asked w | 2025-07-20T09:49:51.000Z | https://x.com/CaigerRob/status/1946870158334837064
Extracted tweet: “A grenade was recovered at the Santa Monica apartment complex Thursday, a city police officer told  | 2025-07-19T20:06:59.000Z | https://x.com/lisa_4_la/status/1946663078508327383
Extracted tweet: How sad.  Report say a bag of grenades was found at an apartment complex, officers moved them into t | 2025-07-19T19:03:00.000Z | https://x.com/dkr102030/status/1946646975400792127
Extracted tweet: 1. fuck it i love you 
2. the greatest 
3. how to disappear 
4. mariners apartment complex 
5. TNBAR | 2025-07-18T20:14:46.000Z | https://x.com/badgaln1ka/status/1946302646639284331

Processing tab 3/27: California store fire (mode: live)
Found 5 tweets for query: California store fire
Extracted tweet: Anaheim, California: A group of five cars carrying multiple thieves converged in front of the Al Ami | 2025-07-20T18:13:59.000Z | https://x.com/Jen763025071516/status/1946997028950507812
Extracted tweet: Thieves in California are now conducting multi-vehicle raids against jewelry stores. 7 vehicles roll | 2025-07-20T11:45:24.000Z | https://x.com/Preped_Ovrlndr/status/1946899236877963500
Extracted tweet: #Anaheim, #California 

A group of five cars carrying multiple thieves converged in front of the Al  | 2025-07-19T21:43:11.000Z | https://x.com/iTALKMAKEUP/status/1946687286306832811
Extracted tweet: Anaheim, California 

A group of five cars carrying multiple thieves converged in front of the Al Am | 2025-07-19T19:33:34.000Z | https://x.com/Tr00peRR/status/1946654665904713991
Extracted tweet: MORE LIES FROM THE "JOKER" 
@CAgovernor
 !

Is the picture from a Wal Mart store in CALIFORNIA where | 2025-07-19T16:59:06.000Z | https://x.com/ric4100/status/1946615793535553887

Processing tab 4/27: California commercial fire (mode: live)
Found 8 tweets for query: California commercial fire
Extracted tweet:  Arson Investigation at Commercial Business 

 315 E 11th St, Los Angeles, California, 90015

 Any C | 2025-07-08T15:43:12.000Z | https://x.com/CACrimeNow/status/1942610428539932968
Extracted tweet:  Report of Fire in Commercial Building 

 7770 Rosecrans Ave, Paramount, California, 90723

 Engine  | 2025-07-08T05:06:25.000Z | https://x.com/CACrimeNow/status/1942450177660354766
Extracted tweet: In California all lawn equipment has to be electric.  But commercial landscapers  can use gas which  | 2025-07-07T00:55:07.000Z | https://x.com/Lfunguscal/status/1942024546107949502
Extracted tweet:  Report of Stairs on Fire in Commercial Building 

 Lyons Ave & Fourl Rd, Newhall, California, 91321 | 2025-07-06T04:00:06.000Z | https://x.com/CACrimeNow/status/1941708712378302855
Extracted tweet:  Small Trash Fire in Commercial Building 

 11060 W Pico Blvd, Los Angeles, California, 90064

 Yeah | 2025-07-04T13:56:12.000Z | https://x.com/CACrimeNow/status/1941133947372519699
Extracted tweet: Seven people were missing after a fire and powerful explosion leveled a commercial fireworks facilit | 2025-07-03T11:17:12.000Z | https://x.com/Jerusalem_Post/status/1940731546811457595
Extracted tweet: Sad: Seven people were missing after a fire and powerful explosion leveled a commercial fireworks fa | 2025-07-03T07:45:39.000Z | https://x.com/kstvug/status/1940678307236008146
Extracted tweet: Seven people missing after a fire and powerful explosion leveled a commercial fireworks facility in  | 2025-07-03T05:08:44.000Z | https://x.com/scribbledapollo/status/1940638819021476058

Processing tab 5/27: California restaurant fire (mode: live)
Found 6 tweets for query: California restaurant fire
Extracted tweet: California Restaurant Foundation Awards $10,000 LA Fire Recovery Grants to 253 Los Angeles Restauran | 2025-07-01T13:15:43.000Z | https://x.com/RestaurantNews1/status/1940036595945529813
Extracted tweet:  Report of Man Setting Fire Outside Restaurant 

 5324 Hollywood Blvd, Los Angeles, California, 9002 | 2025-06-27T21:01:26.000Z | https://x.com/CACrimeNow/status/1938704247442547159
Extracted tweet: Light my fire
American Pie
Hotel California
Stairway to Heaven
MacArthur Park
Come Together
Hey Jude | 2025-06-26T16:30:22.000Z | https://x.com/PaulHal83159238/status/1938273642657329200
Extracted tweet:  Report of Vegetation Fire Near Restaurant 

 145 Palmetto Dr, Pasadena, California, 91105

 Engine  | 2025-06-25T09:14:14.000Z | https://x.com/CACrimeNow/status/1937801498039103759
Extracted tweet: A shooting outside of a Summa Sushi restaurant in Fontana, California claimed the life of a fitness  | 2025-06-24T18:39:01.000Z | https://x.com/NCuffs1/status/1937581243060613530
Extracted tweet: #BREAKING DTLA Riot

Los Angeles, California 

Rioters ripped a sun shade off a restaurant and then  | 2025-06-10T06:18:19.000Z | https://x.com/MeanLILMeoW/status/1932321411445719551

Processing tab 6/27: California warehouse fire (mode: live)
Found 3 tweets for query: California warehouse fire
Extracted tweet: BREAKING: A massive 2-alarm fire has erupted, destroying several mobile homes and a warehouse. Fire  | 2025-07-13T08:59:06.000Z | https://x.com/TIgerNS3/status/1944320671770890242
Extracted tweet: 2-ALARM BLAZE TEARS THROUGH CALIFORNIA MOBILE HOME PARK

A massive fire broke out overnight in Lamon | 2025-07-13T08:50:00.000Z | https://x.com/MarioNawfal/status/1944318380959514897
Extracted tweet: #BREAKING:

 A large fire has broken out in Lamont, California, engulfing a warehouse and several ho | 2025-07-13T08:16:04.000Z | https://x.com/IntelNet0/status/1944309840370970743

Processing tab 7/27: California business fire (mode: live)
Found 4 tweets for query: California business fire
Extracted tweet: Yea,! And state farm pulled out of California gee?! I wondwr why.  because insurance is sooo afforda | 2025-07-19T17:41:25.000Z | https://x.com/SeafoamLeo/status/1946626445708529829
Extracted tweet: MORE LIES FROM THE "JOKER" 
@CAgovernor
 !

Is the picture from a Wal Mart store in CALIFORNIA where | 2025-07-19T16:59:06.000Z | https://x.com/ric4100/status/1946615793535553887
Extracted tweet: I.M.O.: Liar, liar, pants on fire! It's because of the inventive white business owners who HIRE migr | 2025-07-19T15:36:48.000Z | https://x.com/RialtoJack/status/1946595084545474673
Extracted tweet: Another landmark business fleeing the “flaming dumpster fire” that is 
@GavinNewsom
 ‘s California! | 2025-07-19T00:37:57.000Z | https://x.com/patgargil/status/1946368881175716005

Processing tab 8/27: California pipe burst (mode: live)
Found 6 tweets for query: California pipe burst
Extracted tweet: SINKHOLE
BURST PIPE
NEW MADRID 
SAN ANDREAS
ADJUSTMENTS

BLOOMINGTON, California 

No one was injure | 2024-10-24T14:32:54.000Z | https://x.com/ZT_Followers/status/1849459054977909241
Extracted tweet: But muh pipe burst in Georgia...So we couldn't count our votes in California, Nevada, Wisconsin, Pen | 2024-10-23T19:23:58.000Z | https://x.com/RussAyers17/status/1849169916206764101
Extracted tweet: Sewer Pipe Burst Repair Santa Cruz County, CA- Rosenthal Plumbing #SewerPipeBurstRepair #SantaCruzCo | 2024-09-27T10:11:19.000Z | https://x.com/RosenthalCCA/status/1839608754217849282
Extracted tweet: Sewer Pipe Burst Repair Santa Cruz County, CA- Rosenthal Plumbing #SewerPipeBurstRepair #SantaCruzCo | 2024-09-27T10:11:19.000Z | https://x.com/RosenthalCCA/status/1839608750656901535
Extracted tweet: Sewer Pipe Burst Repair Santa Cruz County, CA- Rosenthal Plumbing #SewerPipeBurstRepair #SantaCruzCo | 2024-09-27T10:11:15.000Z | https://x.com/RosenthalCCA/status/1839608735007727654
Extracted tweet: Sewer Pipe Burst Repair Santa Cruz County, CA- Rosenthal Plumbing #SewerPipeBurstRepair #SantaCruzCo | 2024-09-27T09:44:23.000Z | https://x.com/RosenthalCCA/status/1839601976017068047

Processing tab 9/27: from:DFWscanner (mode: live)
Found 7 tweets for query: from:DFWscanner
Extracted tweet: House Fire (Lewisville) Lewisville FD is working a house fire on Meadowview Way. Reports indicate an | 2025-07-21T17:50:26.000Z | https://x.com/DFWscanner/status/1947353487765082318
Extracted tweet: Traffic Alert (Fort Worth) Northbound I35W remains closed near I30 due to an earlier fatality accide | 2025-07-21T12:44:19.000Z | https://x.com/DFWscanner/status/1947276452304478228
Extracted tweet: Structure Fire (Joshua) Joshua FD with assistance from Burleson FD are working a structure fire at a | 2025-07-21T00:56:32.000Z | https://x.com/DFWscanner/status/1947098333538836990
Extracted tweet: Shooting (Fort Worth) Fort Worth PD is investigating a shooting in the 4900 block of Gordon Avenue.  | 2025-07-20T20:48:37.000Z | https://x.com/DFWscanner/status/1947035941635522905
Extracted tweet: House Fire (Arlington) Battalion 1, Battalion 2, Engine 12, Engine 15, Engine 9, Squad 9, Truck 6, T | 2025-07-20T03:30:38.000Z | https://x.com/DFWscanner/status/1946774724169597198
Extracted tweet: Fort Worth police say two drivers were traveling at a high rate of speed when one vehicle lost contr | 2025-07-20T02:51:24.000Z | https://x.com/DFWscanner/status/1946764851386159545
Extracted tweet: Motorcyclist killed in Dallas crash, police say | 2025-07-19T21:40:32.000Z | https://x.com/DFWscanner/status/1946686618938593328

Processing tab 10/27: from:DallasTexasTV (mode: live)
Found 5 tweets for query: from:DallasTexasTV
Extracted tweet: Adolis makes it a 1-1 game | 2025-07-23T01:05:08.000Z | https://x.com/DallasTexasTV/status/1947825272280981574
Extracted tweet: Micah Parsons:

“I’m not here to please another grown man” | 2025-07-22T21:36:07.000Z | https://x.com/DallasTexasTV/status/1947772669803348027
Extracted tweet: Milton  | 2025-07-22T20:46:17.000Z | https://x.com/DallasTexasTV/status/1947760131900641419
Extracted tweet: Landman filming in Dallas this week 

(Via IG _jesstaylorrr_) | 2025-07-22T19:15:47.000Z | https://x.com/DallasTexasTV/status/1947737356905136470
Extracted tweet: 4 takes the field to start training camp | 2025-07-22T18:54:43.000Z | https://x.com/DallasTexasTV/status/1947732053975351357

Processing tab 11/27: from:NWSSanAntonio (mode: live)
Found 5 tweets for query: from:NWSSanAntonio
Extracted tweet: Morning clouds and showers out west will give way to mostly sunny skies and hot/himid conditions. He | 2025-07-23T10:10:14.000Z | https://x.com/NWSSanAntonio/status/1947962449921028593
Extracted tweet: Showers and storms continue near the Rio Grande. Frequent lightning and brief heavy rainfall are occ | 2025-07-23T06:14:17.000Z | https://x.com/NWSSanAntonio/status/1947903074657570992
Extracted tweet: A special weather statement has been issued for Brackettville TX, Fort Clark Springs TX and  Rockspr | 2025-07-23T03:29:52.000Z | https://x.com/NWSSanAntonio/status/1947861693960269874
Extracted tweet: 10PM Radar Update: We continue to see a cluster of strong storms between Del Rio and Uvalde. These s | 2025-07-23T03:05:29.000Z | https://x.com/NWSSanAntonio/status/1947855558029283668
Extracted tweet: A special weather statement has been issued for Brackettville TX, Fort Clark Springs TX and  Spoffor | 2025-07-23T02:50:35.000Z | https://x.com/NWSSanAntonio/status/1947851808753197331

Processing tab 12/27: from:FriscoFFD (mode: live)
Found 4 tweets for query: from:FriscoFFD
Extracted tweet: We recently celebrated  the promotions of eight of our members. 
Look who is now a...
Driver/Operato | 2025-06-24T21:00:17.000Z | https://x.com/FriscoFFD/status/1937616795352838509
Extracted tweet: After more than 31 years of service to the Frisco Fire Department, Captain Dwight Vandergrift retire | 2025-06-11T15:33:02.000Z | https://x.com/FriscoFFD/status/1932823396062040158
Extracted tweet: Congratulations to Captain Neal Self on his retirement after 33 years with the City of Frisco Fire D | 2025-06-11T15:31:10.000Z | https://x.com/FriscoFFD/status/1932822928153849864
Extracted tweet: Two days left to submit your application with the Frisco Fire Department. We are hiring for FF/PM or | 2025-06-06T19:24:32.000Z | https://x.com/FriscoFFD/status/1931069715952058467

Processing tab 13/27: from:RedCrossTXGC (mode: live)
Found 5 tweets for query: from:RedCrossTXGC
Extracted tweet: Our Coastal Bend chapter volunteers attended the Mayor’s Committee for Veterans Affairs’ Patriotic C | 2025-07-04T17:32:02.000Z | https://x.com/RedCrossTXGC/status/1941188265677103457
Extracted tweet: Happy 4th of July from all of us here at the American Red Cross Texas Gulf Coast!  We hope you have  | 2025-07-04T14:30:11.000Z | https://x.com/RedCrossTXGC/status/1941142500900520229
Extracted tweet: Family Cristobal Hernadez, Camila Hernadez, and Marget Flores share why they donate blood, and the i | 2025-07-03T16:52:16.000Z | https://x.com/RedCrossTXGC/status/1940815869824708670
⚠️ Skipping tweet due to error: Message: no such element: Unable to locate element: {"method":"xpath","selector":".//div[@lang]"}
  (Session info: chrome=138.0.7204.168); For documentation on this error, please visit: https://www.selenium.dev/documentation/webdriver/troubleshooting/errors#nosuchelementexception
Stacktrace:
#0 0x55f757fda87a <unknown>
#1 0x55f757a7f2e0 <unknown>
#2 0x55f757ad0e00 <unknown>
#3 0x55f757ad0ff1 <unknown>
#4 0x55f757ac4b76 <unknown>
#5 0x55f757af68dd <unknown>
#6 0x55f757ac4a6a <unknown>
#7 0x55f757af6a7e <unknown>
#8 0x55f757b1c71c <unknown>
#9 0x55f757af6683 <unknown>
#10 0x55f757ac2b5b <unknown>
#11 0x55f757ac3f31 <unknown>
#12 0x55f757f9f7cb <unknown>
#13 0x55f757fa35d4 <unknown>
#14 0x55f757f862c9 <unknown>
#15 0x55f757fa4178 <unknown>
#16 0x55f757f6a6bf <unknown>
#17 0x55f757fc7e78 <unknown>
#18 0x55f757fc8056 <unknown>
#19 0x55f757fd9b96 <unknown>
#20 0x7f9beceb0ac3 <unknown>

Extracted tweet: Here are some safety tips for the 4th of July! | 2025-07-01T18:52:03.000Z | https://x.com/RedCrossTXGC/status/1940121237625126933

Processing tab 14/27: from:whatsupTucson (mode: live)
Found 8 tweets for query: from:whatsupTucson
Extracted tweet: Injured? 
@GrabbandDurando
 will fight for you!

Personal injury attorneys handling:
Car crash injur | 2025-07-23T18:00:42.000Z | https://x.com/whatsuptucson/status/1948080847971582400
Extracted tweet: From my DMs:

“There’s No water in the neighborhood on Euclid and Mabel, no info has been provided b | 2025-07-23T17:02:56.000Z | https://x.com/whatsuptucson/status/1948066312871432509
Extracted tweet: Crash at Valencia and Country Club | 2025-07-23T17:00:50.000Z | https://x.com/whatsuptucson/status/1948065783118217283
Extracted tweet: Crash with injuries at Houghton and Old Spanish Trail | 2025-07-23T16:59:52.000Z | https://x.com/whatsuptucson/status/1948065538757808340
Extracted tweet:  Experiencing frequent nausea or vomiting? You may qualify for a paid clinical trial on Gastroparesi | 2025-07-23T15:00:43.000Z | https://x.com/whatsuptucson/status/1948035553464660477
Extracted tweet: Whats Up Tucson weather for Wednesday: Sunny, high 96° 

Wed night: Clear, low 71° 

Thursday: Sunny | 2025-07-23T12:01:58.000Z | https://x.com/whatsuptucson/status/1947990568430178423
Extracted tweet: Crash with injuries at Silverbell and St Marys | 2025-07-23T06:54:41.000Z | https://x.com/whatsuptucson/status/1947913239926608323
Extracted tweet: Collision at 29th and Stern, west if Craycroft | 2025-07-23T06:54:29.000Z | https://x.com/whatsuptucson/status/1947913187816575352

Processing tab 15/27: from:WacoTXFire (mode: live)
Found 8 tweets for query: from:WacoTXFire
Extracted tweet: STRUCTURE FIRE - 4500 Block of Scottwood Dr. 
@WacoTXFire
 units operating at  a house fire. One fir | 2025-05-15T12:06:58.000Z | https://x.com/WacoTXFire/status/1922987064997384422
Extracted tweet: May the 4th be with you today!  
@WacoTXFire
 would like to wish everyone a Happy International Fire | 2025-05-04T13:46:15.000Z | https://x.com/WacoTXFire/status/1919025782795428143
Extracted tweet: STRUCTURE FIRE - 1100 Block of N. 6th St. 
@WacoTXFire
 units operating at an apartment fire. | 2025-05-03T12:49:15.000Z | https://x.com/WacoTXFire/status/1918649050758279372
Extracted tweet: Come join ⁦
@WacoTXFire
⁩ Interim Fire Chief Robby Bergerson & ⁦
@WacoPolice
⁩ Chief Sheryl Victoria | 2025-05-02T17:37:01.000Z | https://x.com/WacoTXFire/status/1918359082290876779
Extracted tweet: HAZMAT SITUATION - 2200 Block of N. 23rd St. 
@WacoTXFire
 units and HazMat Team operating at a stru | 2025-05-01T16:55:09.000Z | https://x.com/WacoTXFire/status/1917986157750829096
Extracted tweet: STRUCTURE FIRE - 1500 Block of Elise Ave. 
@WacoTXFire
 units arriving at a house with smoke coming  | 2025-04-30T23:29:46.000Z | https://x.com/WacoTXFire/status/1917723081323250053
Extracted tweet: STRUCTURE FIRE - 2700 Block of Madison Dr. 
@WacoTXFire
 units arriving with heavy fire showing from | 2025-04-27T03:11:29.000Z | https://x.com/WacoTXFire/status/1916329326955339959
Extracted tweet: Congrats to ⁦
@WacoTXFire
⁩ for winning the 3 on 3 basketball tournament as part of the 
@WacoSports | 2025-04-26T19:05:29.000Z | https://x.com/WacoTXFire/status/1916207019406856323

Processing tab 16/27: from:SouthMetroPIO (mode: live)
Found 5 tweets for query: from:SouthMetroPIO
Extracted tweet: Update: Fire is under control, contained to approximately 1/8 acre in brush and timber.  Initial sta | 2025-07-16T18:38:48.000Z | https://x.com/SouthMetroPIO/status/1945553722408391118
Extracted tweet: Update: First arriving crews on scene have resized this to 25’ X 25’ no structures are threatened an | 2025-07-16T17:57:25.000Z | https://x.com/SouthMetroPIO/status/1945543305481367633
Extracted tweet: SMFR and 
@dcsheriff
 are responding to a Brush Fire at 9056 E Parker Road.  Initial reports are a 1 | 2025-07-16T17:50:30.000Z | https://x.com/SouthMetroPIO/status/1945541566635942333
Extracted tweet: Multiple agencies from the Denver Metro area, including SMFR were at Centennial Airport to welcome a | 2025-07-16T00:35:00.000Z | https://x.com/SouthMetroPIO/status/1945280972242530627
Extracted tweet: Update: Fire officially has named the Backcountry Fire. It is 100% contained holding at 5 acres and  | 2025-07-15T23:24:17.000Z | https://x.com/SouthMetroPIO/status/1945263178486833277

Processing tab 17/27: from:NWSBoulder (mode: live)
Found 6 tweets for query: from:NWSBoulder
Extracted tweet: Aviso de Inundación Repentina incluye Glen Haven CO hasta las 5:30 PM MDT | 2025-07-23T20:28:53.000Z | https://x.com/NWSBoulder/status/1948118138681237519
Extracted tweet: Flash Flood Warning including Glen Haven CO until 5:30 PM MDT | 2025-07-23T20:28:51.000Z | https://x.com/NWSBoulder/status/1948118129608950144
Extracted tweet: More numerous thunderstorms this afternoon and evening and not as hot. Heavy rain will be a threat,  | 2025-07-23T11:05:00.000Z | https://x.com/NWSBoulder/status/1947976235222524056
Extracted tweet: Yes, that should say "Wednesday and Thursday". | 2025-07-23T05:59:26.000Z | https://x.com/NWSBoulder/status/1947899336962285687
Extracted tweet: Showers and thunderstorms will be likely on Tuesday and Wednesday.  Friday looks to be warmer and dr | 2025-07-23T01:15:04.000Z | https://x.com/NWSBoulder/status/1947827772761452962
Extracted tweet: A special weather statement has been issued for Logan County, CO until 7:00 PM MDT #COwx | 2025-07-23T00:13:07.000Z | https://x.com/NWSBoulder/status/1947812181996646832

Processing tab 18/27: from:SeattleFire (mode: live)
Found 13 tweets for query: from:SeattleFire
Extracted tweet: 4100 block of Lake Washington Blvd. S: Firefighters and paramedics attempted lifesaving efforts for  | 2025-07-20T00:36:21.000Z | https://x.com/SeattleFire/status/1946730864488186171
Extracted tweet: 4100 block of Lake Washington Blvd. S: Crews boarded a private vessel then pulled person out of the  | 2025-07-20T00:09:47.000Z | https://x.com/SeattleFire/status/1946724179405082781
Extracted tweet: Water rescue response off shore of the 4100 block of Lake Washington Blvd. S. for a person in the wa | 2025-07-20T00:08:40.000Z | https://x.com/SeattleFire/status/1946723897883406344
Extracted tweet: 9500 block of 6th Ave. NW: Garage Fire extinguished. Crews are putting out hot spots and ventilating | 2025-07-19T23:02:07.000Z | https://x.com/SeattleFire/status/1946707151109689397
Extracted tweet: 9500 block of 6th Ave. NW: Fire that extended into the second floor of the home is under control. | 2025-07-19T22:54:23.000Z | https://x.com/SeattleFire/status/1946705206567408012
Extracted tweet: 9500 block of 6th Ave. NW: primary and secondary search of the home are all clear. No injuries repor | 2025-07-19T22:52:53.000Z | https://x.com/SeattleFire/status/1946704827133882685
Extracted tweet: 9500 block of 6th Ave. NW: firefighters have the garage fire under control. Fire extended into the c | 2025-07-19T22:51:16.000Z | https://x.com/SeattleFire/status/1946704418818449507
Extracted tweet: 9500 block of 6th Ave. NW: firefighters on scene report an active fire in a garage that is extending | 2025-07-19T22:42:12.000Z | https://x.com/SeattleFire/status/1946702139436187705
Extracted tweet: Crews are responding to reports of a fire in a residence in the 9500 block of 6th Ave. NW. Please av | 2025-07-19T22:37:41.000Z | https://x.com/SeattleFire/status/1946701002662449545
Extracted tweet: E. John St. & Broadway E: from the scene | 2025-07-19T20:30:39.000Z | https://x.com/SeattleFire/status/1946669032067027286

Processing tab 19/27: from:CityofMiamiFire (mode: live)
Found 5 tweets for query: from:CityofMiamiFire
Extracted tweet: Hurricane season is here, are you prepared?
The City of Miami Department of Fire-Rescue reminds you: | 2025-07-10T13:20:06.000Z | https://x.com/CityofMiamiFire/status/1943299191607812494
Extracted tweet: The City of Miami Department of Fire-Rescue visited the kids at Coral Gate Summer Camp! It was a fun | 2025-07-09T15:48:26.000Z | https://x.com/CityofMiamiFire/status/1942974133928603861
Extracted tweet: The City of Miami Department of Fire-Rescue reminds you to stay safe and beat the heat this summer b | 2025-07-08T16:37:06.000Z | https://x.com/CityofMiamiFire/status/1942623991606260151
Extracted tweet: Happy Fourth of July from the City of Miami Department of Fire-Rescue! Wishing everyone a safe, fun, | 2025-07-04T14:01:19.000Z | https://x.com/CityofMiamiFire/status/1941135236999377108
Extracted tweet: Today’s full-scale active shooter drill at Miami Jackson Sr. High planned months in advance to stren | 2025-07-01T23:21:10.000Z | https://x.com/CityofMiamiFire/status/1940188961353224646

Processing tab 20/27: from:PeterNewcomb41 (mode: live)
Found 14 tweets for query: from:PeterNewcomb41
Extracted tweet: WORKING FIRE | GLOUCESTER , MA | 102 PROSPECT ST | CREWS ARE WORKING A FIRE IN A 2.5 STORY MULTI UNI | 2025-07-17T19:46:15.000Z | https://x.com/PeterNewcomb41/status/1945933083766591997
Extracted tweet: U/D Working fire Everett MA, 37 Summer st Main Body of Fire Knocked Down Overhauling Checking for Ex | 2025-07-17T19:36:57.000Z | https://x.com/PeterNewcomb41/status/1945930744192262550
Extracted tweet: U/D Working fire Everett MA, 37 Summer st 2.5 Stry WDFM Residential Structure Fire. Multiple Lines i | 2025-07-17T19:33:04.000Z | https://x.com/PeterNewcomb41/status/1945929764092395724
Extracted tweet: Working fire Everett MA, 37 Summer st Heavy fire in the rear 
@MassFireChaser | 2025-07-17T19:27:25.000Z | https://x.com/PeterNewcomb41/status/1945928345310347440
Extracted tweet: NYC | MANHATTAN | ALL HANDS | 71 LENOX AVE | BOX 1360,ALL HANDS TX FOR FIRE IN APARTMENT 5A,5 STY OM | 2025-07-17T18:59:53.000Z | https://x.com/PeterNewcomb41/status/1945921414566953179
Extracted tweet: Baldwin, ME - Alarm Upgrade - All Hands Fire - Murch Road cross Bridgton Road, Incident Command repo | 2025-07-17T17:28:43.000Z | https://x.com/PeterNewcomb41/status/1945898473263346156
Extracted tweet: (Corrected Town) Sharon, MA two left lanes closed on I-95 NB at exit 19 due to crash. 
@MassDOT | 2025-07-17T16:20:16.000Z | https://x.com/PeterNewcomb41/status/1945881245126124019
Extracted tweet: In Sharon, MA two left lanes closed on I-95 NB at exit 19 due to crash. 
@MassDOT | 2025-07-17T16:18:53.000Z | https://x.com/PeterNewcomb41/status/1945880897397346455
Extracted tweet: U/D MVA Sharon, MA I-95 Northbound prior to exit 19. Vehicle Vs. Motorcycle, CPR in Progress, Accide | 2025-07-17T16:05:58.000Z | https://x.com/PeterNewcomb41/status/1945877648283951279
Extracted tweet: Sharon, MA I-95 Northbound prior to exit 19. MVA with Life threatening injuries Mutual Aid Foxboroug | 2025-07-17T15:45:59.000Z | https://x.com/PeterNewcomb41/status/1945872618252341620

Processing tab 21/27: from:ffxfirerescue (mode: live)
Found 4 tweets for query: from:ffxfirerescue
Extracted tweet: UPDATE 2500 blk of Farmcrest Drive: The fire is under control. | 2025-07-20T09:43:49.000Z | https://x.com/ffxfirerescue/status/1946868639719669762
Extracted tweet: #FairfaxsBravest are on scene of a 3-alarm garden-style apt fire in 2500 blk of Farmcrest Dr in Fryi | 2025-07-20T08:31:35.000Z | https://x.com/ffxfirerescue/status/1946850463338369243
Extracted tweet: #FairfaxsBravest are on scene of a high-rise fire in 12000 blk of Town Square St, Reston. Units disp | 2025-07-20T01:40:55.000Z | https://x.com/ffxfirerescue/status/1946747112521150783
Extracted tweet: Around 7pm #FairfaxBravest responded to reports of a vehicle stuck in water in the 9200 blk of Old D | 2025-07-20T00:14:59.000Z | https://x.com/ffxfirerescue/status/1946725487474090179

Processing tab 22/27: from:ScannerRadioDFW (mode: live)
Found 6 tweets for query: from:ScannerRadioDFW
Extracted tweet: One media chopper overhead. | 2025-07-21T18:58:06.000Z | https://x.com/ScannerRadioDFW/status/1947370517440151846
Extracted tweet: Sounds like a Trail Rescue. Earlier they advised patient was packaged, working on extracting the pat | 2025-07-21T18:56:21.000Z | https://x.com/ScannerRadioDFW/status/1947370075536621814
Extracted tweet: Dallas. Air Medical Launch. 6300 Shadow Lane. CareFlite 6 has launched to assist Dallas Fire Rescue  | 2025-07-21T18:40:01.000Z | https://x.com/ScannerRadioDFW/status/1947365967866081528
⚠️ Skipping tweet due to error: Message: no such element: Unable to locate element: {"method":"xpath","selector":".//div[@lang]"}
  (Session info: chrome=138.0.7204.168); For documentation on this error, please visit: https://www.selenium.dev/documentation/webdriver/troubleshooting/errors#nosuchelementexception
Stacktrace:
#0 0x55f757fda87a <unknown>
#1 0x55f757a7f2e0 <unknown>
#2 0x55f757ad0e00 <unknown>
#3 0x55f757ad0ff1 <unknown>
#4 0x55f757ac4b76 <unknown>
#5 0x55f757af68dd <unknown>
#6 0x55f757ac4a6a <unknown>
#7 0x55f757af6a7e <unknown>
#8 0x55f757b1c71c <unknown>
#9 0x55f757af6683 <unknown>
#10 0x55f757ac2b5b <unknown>
#11 0x55f757ac3f31 <unknown>
#12 0x55f757f9f7cb <unknown>
#13 0x55f757fa35d4 <unknown>
#14 0x55f757f862c9 <unknown>
#15 0x55f757fa4178 <unknown>
#16 0x55f757f6a6bf <unknown>
#17 0x55f757fc7e78 <unknown>
#18 0x55f757fc8056 <unknown>
#19 0x55f757fd9b96 <unknown>
#20 0x7f9beceb0ac3 <unknown>

Extracted tweet: Lewisville. Structure Fire. 300 Meadowview Way.  Alarm Reporting a Tesla on Fire in the garage. Truc | 2025-07-21T17:40:11.000Z | https://x.com/ScannerRadioDFW/status/1947350910239125826
Extracted tweet: Fort Worth. FWPD is reported to be working a fatal shooting on Gordon Ave. In south Fort Worth, ukn  | 2025-07-20T21:19:19.000Z | https://x.com/ScannerRadioDFW/status/1947043666662498668

Processing tab 23/27: from:sfgafirerescue (mode: live)
Found 5 tweets for query: from:sfgafirerescue
Extracted tweet: Firefighters with 
@sfgafirerescue
 arrived at this location in the nick of time to extinguish a car | 2023-06-28T21:09:55.000Z | https://x.com/sfgafirerescue/status/1674163239855472640
Extracted tweet: @sfgafirerescue
 and 
@East_Point_Fire
 were on scene of a #structuefire at the Gardens Apartments l | 2023-06-26T08:05:00.000Z | https://x.com/sfgafirerescue/status/1673240934438379520
Extracted tweet: @sfgafirerescue
 celebrates Father’s Day, Juneteenth and World Sickle Cell Day. | 2023-06-19T18:04:54.000Z | https://x.com/sfgafirerescue/status/1670855189694169089
Extracted tweet: Congratulations Ross! | 2023-05-26T05:22:48.000Z | https://x.com/sfgafirerescue/status/1661966090774167553
⚠️ Skipping tweet due to error: Message: no such element: Unable to locate element: {"method":"xpath","selector":".//div[@lang]"}
  (Session info: chrome=138.0.7204.168); For documentation on this error, please visit: https://www.selenium.dev/documentation/webdriver/troubleshooting/errors#nosuchelementexception
Stacktrace:
#0 0x55f757fda87a <unknown>
#1 0x55f757a7f2e0 <unknown>
#2 0x55f757ad0e00 <unknown>
#3 0x55f757ad0ff1 <unknown>
#4 0x55f757ac4b76 <unknown>
#5 0x55f757af68dd <unknown>
#6 0x55f757ac4a6a <unknown>
#7 0x55f757af6a7e <unknown>
#8 0x55f757b1c71c <unknown>
#9 0x55f757af6683 <unknown>
#10 0x55f757ac2b5b <unknown>
#11 0x55f757ac3f31 <unknown>
#12 0x55f757f9f7cb <unknown>
#13 0x55f757fa35d4 <unknown>
#14 0x55f757f862c9 <unknown>
#15 0x55f757fa4178 <unknown>
#16 0x55f757f6a6bf <unknown>
#17 0x55f757fc7e78 <unknown>
#18 0x55f757fc8056 <unknown>
#19 0x55f757fd9b96 <unknown>
#20 0x7f9beceb0ac3 <unknown>


Processing tab 24/27: from:THEJFRD (mode: live)
Found 13 tweets for query: from:THEJFRD
Extracted tweet: Crews are working a residential structure fire in the 800 block of Corsica lane. | 2025-06-20T12:36:28.000Z | https://x.com/THEJFRD/status/1936040451120808297
Extracted tweet: *2300 block of 13th street | 2025-06-17T10:04:45.000Z | https://x.com/THEJFRD/status/1934915109727441394
Extracted tweet: Crews are working a residential structure fire at 13th and Evergreen Ave. | 2025-06-17T09:32:25.000Z | https://x.com/THEJFRD/status/1934906970504319320
Extracted tweet: Crews are working a broken gas line in the 6100 block of Riviera Manor drive…expect delays in the ar | 2025-06-13T14:32:47.000Z | https://x.com/THEJFRD/status/1933533010147578073
Extracted tweet: Crews are working a traffic accident at Park street and Blanding blvd that has one fatality, and one | 2025-06-12T02:27:06.000Z | https://x.com/THEJFRD/status/1932987996682215888
Extracted tweet: Crews are working a traffic accident at Blanding Blvd and Hicks road with one person confirmed trapp | 2025-06-12T01:40:02.000Z | https://x.com/THEJFRD/status/1932976152613675452
Extracted tweet: Crews are working a traffic accident at Bartram park blvd and  Rounded Crown drive with serious inju | 2025-06-09T12:11:26.000Z | https://x.com/THEJFRD/status/1932047887539614126
Extracted tweet: Crews are working a residential structure fire to an apartment in the 1500 block of lane Ave. | 2025-06-04T21:23:25.000Z | https://x.com/THEJFRD/status/1930374859541958926
Extracted tweet: Crews are working a residential structure fire to a mobile home in the 8500 block of McGlothlin stre | 2025-06-03T16:17:21.000Z | https://x.com/THEJFRD/status/1929935445938380927
Extracted tweet: Chief Powers was given the honor to be part of Tim Degan’s final show after 43 years with 
@FCN2go
  | 2025-05-31T00:33:38.000Z | https://x.com/THEJFRD/status/1928610790464016751

Processing tab 25/27: from:ChicagoMWeather (mode: live)
Found 6 tweets for query: from:ChicagoMWeather
Extracted tweet: * Tornado Warning for... Southern Shelby County in central Illinois...

* Until 515 PM CDT.

* At 45 | 2025-07-20T22:01:31.000Z | https://x.com/ChicagoMWeather/status/1947054287970013443
Extracted tweet: The storm west of I-57 near Lakewood, IL, is producing very heavy rain. Gusty winds with tightening  | 2025-07-20T21:59:22.000Z | https://x.com/ChicagoMWeather/status/1947053746522918969
Extracted tweet: **Moderate Risk of Heavy Rainfall for Central IL**

Some areas could experience 3-8 inches of rainfa | 2025-07-20T20:47:55.000Z | https://x.com/ChicagoMWeather/status/1947035765642596509
Extracted tweet: There is a conditional risk for severe storms and tornadoes across Central Illinois this afternoon a | 2025-07-20T20:47:34.000Z | https://x.com/ChicagoMWeather/status/1947035676899254468
Extracted tweet: Deciding to leave and head home. The anvils from supercells in western Nebraska will keep the sun aw | 2025-07-19T22:37:59.000Z | https://x.com/ChicagoMWeather/status/1946701079414014347
Extracted tweet: Concerning...Severe potential...Watch possible 

   Valid 192218Z - 200015Z

   Probability of Watch | 2025-07-19T22:23:44.000Z | https://x.com/ChicagoMWeather/status/1946697493191791066

Processing tab 26/27: from:ToledoFire (mode: live)
Found 4 tweets for query: from:ToledoFire
Extracted tweet: Good afternoon Toledo!! This is the second day of the Do’s and Don’ts of calling 9-1–1. This focuses | 2025-07-09T17:15:19.000Z | https://x.com/ToledoFire/status/1942995996771746048
Extracted tweet: Hello Toledo!!!
The Do's and Don'ts of calling 9-1-1. It's important that everyone knows the differe | 2025-07-08T19:35:22.000Z | https://x.com/ToledoFire/status/1942668855408529752
Extracted tweet: As we celebrate our nation's independence, we encourage everyone to enjoy the holiday with family an | 2025-07-04T14:37:04.000Z | https://x.com/ToledoFire/status/1941144232284307860
Extracted tweet: Today marks the official end of nearly 33 years dedicated to serving to the City of Toledo for Priva | 2025-07-02T16:24:50.000Z | https://x.com/ToledoFire/status/1940446577988129022

Processing tab 27/27: from:AustinFireInfo (mode: live)
Found 7 tweets for query: from:AustinFireInfo
Extracted tweet: Austin Fire responding to reported kitchen fire in the 1400blk of St Edward’s Drive. | 2025-07-02T05:46:16.000Z | https://x.com/AustinFireInfo/status/1940285875646349552
Extracted tweet: FINAL AFD crews arrived onscene to find fire extinguished with a fire extinguisher with no fire exte | 2025-06-30T17:15:24.000Z | https://x.com/AustinFireInfo/status/1939734528655765828
Extracted tweet: AFD responding to report of an apartment fire at Marquis At Treetops Apartments at 5217 Old Spicewoo | 2025-06-30T17:09:05.000Z | https://x.com/AustinFireInfo/status/1939732935952810220
Extracted tweet: First in units have extinguished exterior fire. All units will be clearing the scene shortly. | 2025-06-28T22:45:38.000Z | https://x.com/AustinFireInfo/status/1939092858352345433
Extracted tweet: Austin Fire responding to reported apartment fire in the 2000blk of Burton Dr. reports of apartment  | 2025-06-28T22:36:21.000Z | https://x.com/AustinFireInfo/status/1939090522963947592
Extracted tweet: Fire is out, units will be clearing the scene shortly. No fire fighter injuries reported. Occupant o | 2025-06-26T08:20:59.000Z | https://x.com/AustinFireInfo/status/1938150486974063008
Extracted tweet: First in units found single apartment with fire, which was partially extinguished by the fire protec | 2025-06-26T08:11:11.000Z | https://x.com/AustinFireInfo/status/1938148018953294162
